<?xml version="1.0" encoding="UTF-8"?>
<!-- Generated by org.testng.reporters.JUnitReportReporter -->
<testsuite hostname="RRKMY1001" failures="0" tests="1" name="TC3_Test" time="8.000" errors="0" timestamp="2022-09-22T17:47:38 CEST" skipped="0">
  <testcase classname="TC3_Test" name="TestCase3" time="8.000"/>
  <system-out/>
</testsuite> <!-- TC3_Test -->
