<?xml version="1.0" encoding="UTF-8"?>
<!-- Generated by org.testng.reporters.JUnitReportReporter -->
<testsuite hostname="RRKMY1001" failures="0" tests="1" name="TC1_Test" time="7.640" errors="0" timestamp="2022-09-22T17:47:38 CEST" skipped="0">
  <testcase classname="TC1_Test" name="TestCase1" time="7.640"/>
  <system-out/>
</testsuite> <!-- TC1_Test -->
