<?xml version="1.0" encoding="UTF-8"?>
<!-- Generated by org.testng.reporters.JUnitReportReporter -->
<testsuite hostname="RRKMY1001" failures="0" tests="1" name="TC4_Test" time="10.376" errors="0" timestamp="2022-09-22T17:47:38 CEST" skipped="0">
  <testcase classname="TC4_Test" name="TestCase4" time="10.376"/>
  <system-out/>
</testsuite> <!-- TC4_Test -->
