<?xml version="1.0" encoding="UTF-8"?>
<!-- Generated by org.testng.reporters.JUnitReportReporter -->
<testsuite hostname="RRKMY1001" failures="0" tests="1" name="TC2_Test" time="12.749" errors="0" timestamp="2022-09-22T17:47:38 CEST" skipped="0">
  <testcase classname="TC2_Test" name="TestCase2" time="12.749"/>
  <system-out/>
</testsuite> <!-- TC2_Test -->
