<?xml version="1.0" encoding="UTF-8"?>
<!-- Generated by org.testng.reporters.JUnitReportReporter -->
<testsuite hostname="RRKMY1001" failures="0" tests="3" name="TC5_Test" time="33.597" errors="0" timestamp="2022-09-22T17:47:38 CEST" skipped="0">
  <testcase classname="TC5_Test" name="TestCase5" time="12.530"/>
  <system-out/>
  <testcase classname="TC5_Test" name="TestCase5" time="10.028"/>
  <system-out/>
  <testcase classname="TC5_Test" name="TestCase5" time="11.039"/>
  <system-out/>
</testsuite> <!-- TC5_Test -->
